{"C:\\Users\\USER\\OneDrive\\Desktop\\andela preparation\\work\\back-endblogs\\src\\app.ts": {"path":"C:\\Users\\USER\\OneDrive\\Desktop\\andela preparation\\work\\back-endblogs\\src\\app.ts","statementMap":{"0":{"start":{"line":1,"column":0},"end":{"line":1,"column":30}},"1":{"start":{"line":2,"column":0},"end":{"line":2,"column":37}},"2":{"start":{"line":3,"column":0},"end":{"line":3,"column":32}},"3":{"start":{"line":4,"column":0},"end":{"line":4,"column":24}},"4":{"start":{"line":5,"column":0},"end":{"line":5,"column":37}},"5":{"start":{"line":6,"column":0},"end":{"line":6,"column":21}},"6":{"start":{"line":8,"column":12},"end":{"line":8,"column":21}},"7":{"start":{"line":9,"column":0},"end":{"line":9,"column":16}},"8":{"start":{"line":10,"column":0},"end":{"line":10,"column":24}},"9":{"start":{"line":11,"column":0},"end":{"line":11,"column":22}},"10":{"start":{"line":12,"column":0},"end":{"line":12,"column":24}},"11":{"start":{"line":13,"column":0},"end":{"line":13,"column":52}},"12":{"start":{"line":14,"column":0},"end":{"line":14,"column":75}},"13":{"start":{"line":15,"column":0},"end":{"line":18,"column":3}},"14":{"start":{"line":16,"column":2},"end":{"line":16,"column":32}},"15":{"start":{"line":17,"column":2},"end":{"line":17,"column":27}},"16":{"start":{"line":20,"column":0},"end":{"line":20,"column":19}}},"fnMap":{"0":{"name":"(anonymous_1)","decl":{"start":{"line":15,"column":8},"end":{"line":15,"column":18}},"loc":{"start":{"line":15,"column":57},"end":{"line":18,"column":1}}}},"branchMap":{"0":{"loc":{"start":{"line":16,"column":13},"end":{"line":16,"column":30}},"type":"binary-expr","locations":[{"start":{"line":16,"column":13},"end":{"line":16,"column":23}},{"start":{"line":16,"column":27},"end":{"line":16,"column":30}}]}},"s":{"0":1,"1":1,"2":1,"3":1,"4":1,"5":1,"6":1,"7":1,"8":1,"9":1,"10":1,"11":1,"12":1,"13":1,"14":1,"15":1,"16":1},"f":{"0":1},"b":{"0":[1,1]}}
,"C:\\Users\\USER\\OneDrive\\Desktop\\andela preparation\\work\\back-endblogs\\src\\cloudinary\\cloudinary.ts": {"path":"C:\\Users\\USER\\OneDrive\\Desktop\\andela preparation\\work\\back-endblogs\\src\\cloudinary\\cloudinary.ts","statementMap":{"0":{"start":{"line":1,"column":0},"end":{"line":1,"column":46}},"1":{"start":{"line":2,"column":0},"end":{"line":2,"column":28}},"2":{"start":{"line":3,"column":0},"end":{"line":3,"column":16}},"3":{"start":{"line":5,"column":0},"end":{"line":9,"column":3}},"4":{"start":{"line":39,"column":0},"end":{"line":39,"column":26}}},"fnMap":{},"branchMap":{},"s":{"0":1,"1":1,"2":1,"3":1,"4":1},"f":{},"b":{}}
,"C:\\Users\\USER\\OneDrive\\Desktop\\andela preparation\\work\\back-endblogs\\src\\cloudinary\\multer.ts": {"path":"C:\\Users\\USER\\OneDrive\\Desktop\\andela preparation\\work\\back-endblogs\\src\\cloudinary\\multer.ts","statementMap":{"0":{"start":{"line":1,"column":0},"end":{"line":1,"column":28}},"1":{"start":{"line":3,"column":0},"end":{"line":3,"column":24}},"2":{"start":{"line":4,"column":0},"end":{"line":4,"column":20}},"3":{"start":{"line":17,"column":20},"end":{"line":17,"column":33}},"4":{"start":{"line":20,"column":0},"end":{"line":22,"column":1}},"5":{"start":{"line":21,"column":2},"end":{"line":21,"column":28}},"6":{"start":{"line":24,"column":14},"end":{"line":43,"column":2}},"7":{"start":{"line":27,"column":6},"end":{"line":27,"column":28}},"8":{"start":{"line":31,"column":29},"end":{"line":31,"column":65}},"9":{"start":{"line":32,"column":6},"end":{"line":32,"column":31}},"10":{"start":{"line":36,"column":16},"end":{"line":36,"column":47}},"11":{"start":{"line":37,"column":4},"end":{"line":40,"column":5}},"12":{"start":{"line":38,"column":6},"end":{"line":38,"column":52}},"13":{"start":{"line":39,"column":6},"end":{"line":39,"column":13}},"14":{"start":{"line":41,"column":4},"end":{"line":41,"column":19}},"15":{"start":{"line":45,"column":0},"end":{"line":45,"column":21}}},"fnMap":{"0":{"name":"(anonymous_1)","decl":{"start":{"line":26,"column":17},"end":{"line":26,"column":18}},"loc":{"start":{"line":26,"column":40},"end":{"line":28,"column":5}}},"1":{"name":"(anonymous_2)","decl":{"start":{"line":29,"column":14},"end":{"line":29,"column":15}},"loc":{"start":{"line":29,"column":37},"end":{"line":33,"column":5}}},"2":{"name":"(anonymous_3)","decl":{"start":{"line":35,"column":14},"end":{"line":35,"column":15}},"loc":{"start":{"line":35,"column":42},"end":{"line":42,"column":3}}}},"branchMap":{"0":{"loc":{"start":{"line":20,"column":0},"end":{"line":22,"column":1}},"type":"if","locations":[{"start":{"line":20,"column":0},"end":{"line":22,"column":1}}]},"1":{"loc":{"start":{"line":37,"column":4},"end":{"line":40,"column":5}},"type":"if","locations":[{"start":{"line":37,"column":4},"end":{"line":40,"column":5}}]},"2":{"loc":{"start":{"line":37,"column":8},"end":{"line":37,"column":59}},"type":"binary-expr","locations":[{"start":{"line":37,"column":8},"end":{"line":37,"column":22}},{"start":{"line":37,"column":26},"end":{"line":37,"column":40}},{"start":{"line":37,"column":44},"end":{"line":37,"column":59}}]}},"s":{"0":1,"1":1,"2":1,"3":1,"4":1,"5":0,"6":1,"7":0,"8":0,"9":0,"10":0,"11":0,"12":0,"13":0,"14":0,"15":1},"f":{"0":0,"1":0,"2":0},"b":{"0":[0],"1":[0],"2":[0,0,0]}}
,"C:\\Users\\USER\\OneDrive\\Desktop\\andela preparation\\work\\back-endblogs\\src\\controller\\Querries.ts": {"path":"C:\\Users\\USER\\OneDrive\\Desktop\\andela preparation\\work\\back-endblogs\\src\\controller\\Querries.ts","statementMap":{"0":{"start":{"line":1,"column":0},"end":{"line":1,"column":39}},"1":{"start":{"line":3,"column":0},"end":{"line":3,"column":61}},"2":{"start":{"line":5,"column":29},"end":{"line":26,"column":2}},"3":{"start":{"line":5,"column":67},"end":{"line":26,"column":2}},"4":{"start":{"line":6,"column":2},"end":{"line":25,"column":3}},"5":{"start":{"line":7,"column":25},"end":{"line":7,"column":52}},"6":{"start":{"line":8,"column":4},"end":{"line":11,"column":5}},"7":{"start":{"line":9,"column":6},"end":{"line":9,"column":35}},"8":{"start":{"line":10,"column":6},"end":{"line":10,"column":13}},"9":{"start":{"line":12,"column":20},"end":{"line":16,"column":6}},"10":{"start":{"line":17,"column":4},"end":{"line":17,"column":25}},"11":{"start":{"line":18,"column":4},"end":{"line":18,"column":57}},"12":{"start":{"line":20,"column":4},"end":{"line":24,"column":7}},"13":{"start":{"line":5,"column":13},"end":{"line":5,"column":29}},"14":{"start":{"line":28,"column":29},"end":{"line":39,"column":2}},"15":{"start":{"line":28,"column":67},"end":{"line":39,"column":2}},"16":{"start":{"line":29,"column":2},"end":{"line":38,"column":3}},"17":{"start":{"line":30,"column":20},"end":{"line":30,"column":40}},"18":{"start":{"line":31,"column":4},"end":{"line":31,"column":57}},"19":{"start":{"line":33,"column":4},"end":{"line":37,"column":7}},"20":{"start":{"line":28,"column":13},"end":{"line":28,"column":29}},"21":{"start":{"line":41,"column":28},"end":{"line":63,"column":2}},"22":{"start":{"line":41,"column":66},"end":{"line":63,"column":2}},"23":{"start":{"line":42,"column":2},"end":{"line":62,"column":3}},"24":{"start":{"line":43,"column":20},"end":{"line":43,"column":65}},"25":{"start":{"line":45,"column":4},"end":{"line":51,"column":5}},"26":{"start":{"line":46,"column":6},"end":{"line":48,"column":80}},"27":{"start":{"line":50,"column":6},"end":{"line":50,"column":13}},"28":{"start":{"line":53,"column":4},"end":{"line":55,"column":5}},"29":{"start":{"line":54,"column":6},"end":{"line":54,"column":37}},"30":{"start":{"line":56,"column":4},"end":{"line":56,"column":25}},"31":{"start":{"line":57,"column":4},"end":{"line":57,"column":57}},"32":{"start":{"line":59,"column":4},"end":{"line":61,"column":75}},"33":{"start":{"line":41,"column":13},"end":{"line":41,"column":28}}},"fnMap":{"0":{"name":"(anonymous_8)","decl":{"start":{"line":5,"column":29},"end":{"line":5,"column":36}},"loc":{"start":{"line":5,"column":67},"end":{"line":26,"column":2}}},"1":{"name":"(anonymous_9)","decl":{"start":{"line":5,"column":67},"end":{"line":5,"column":null}},"loc":{"start":{"line":5,"column":67},"end":{"line":26,"column":1}}},"2":{"name":"(anonymous_10)","decl":{"start":{"line":28,"column":29},"end":{"line":28,"column":36}},"loc":{"start":{"line":28,"column":67},"end":{"line":39,"column":2}}},"3":{"name":"(anonymous_11)","decl":{"start":{"line":28,"column":67},"end":{"line":28,"column":null}},"loc":{"start":{"line":28,"column":67},"end":{"line":39,"column":1}}},"4":{"name":"(anonymous_12)","decl":{"start":{"line":41,"column":28},"end":{"line":41,"column":35}},"loc":{"start":{"line":41,"column":66},"end":{"line":63,"column":2}}},"5":{"name":"(anonymous_13)","decl":{"start":{"line":41,"column":66},"end":{"line":41,"column":null}},"loc":{"start":{"line":41,"column":66},"end":{"line":63,"column":1}}}},"branchMap":{"0":{"loc":{"start":{"line":8,"column":4},"end":{"line":11,"column":5}},"type":"if","locations":[{"start":{"line":8,"column":4},"end":{"line":11,"column":5}}]},"1":{"loc":{"start":{"line":45,"column":4},"end":{"line":51,"column":5}},"type":"if","locations":[{"start":{"line":45,"column":4},"end":{"line":51,"column":5}}]},"2":{"loc":{"start":{"line":53,"column":4},"end":{"line":55,"column":5}},"type":"if","locations":[{"start":{"line":53,"column":4},"end":{"line":55,"column":5}}]}},"s":{"0":1,"1":1,"2":1,"3":1,"4":1,"5":1,"6":1,"7":0,"8":0,"9":1,"10":1,"11":1,"12":0,"13":1,"14":1,"15":1,"16":1,"17":1,"18":1,"19":0,"20":1,"21":1,"22":1,"23":1,"24":1,"25":1,"26":0,"27":0,"28":1,"29":1,"30":1,"31":1,"32":0,"33":1},"f":{"0":1,"1":1,"2":1,"3":1,"4":1,"5":1},"b":{"0":[0],"1":[0],"2":[1]}}
,"C:\\Users\\USER\\OneDrive\\Desktop\\andela preparation\\work\\back-endblogs\\src\\controller\\accountcontroller.ts": {"path":"C:\\Users\\USER\\OneDrive\\Desktop\\andela preparation\\work\\back-endblogs\\src\\controller\\accountcontroller.ts","statementMap":{"0":{"start":{"line":4,"column":0},"end":{"line":4,"column":34}},"1":{"start":{"line":7,"column":0},"end":{"line":7,"column":32}},"2":{"start":{"line":9,"column":21},"end":{"line":42,"column":2}},"3":{"start":{"line":13,"column":4},"end":{"line":42,"column":2}},"4":{"start":{"line":14,"column":2},"end":{"line":41,"column":21}},"5":{"start":{"line":14,"column":74},"end":{"line":41,"column":4}},"6":{"start":{"line":15,"column":4},"end":{"line":40,"column":5}},"7":{"start":{"line":16,"column":6},"end":{"line":21,"column":7}},"8":{"start":{"line":17,"column":29},"end":{"line":17,"column":71}},"9":{"start":{"line":18,"column":22},"end":{"line":18,"column":45}},"10":{"start":{"line":20,"column":8},"end":{"line":20,"column":27}},"11":{"start":{"line":23,"column":6},"end":{"line":37,"column":9}},"12":{"start":{"line":23,"column":58},"end":{"line":37,"column":8}},"13":{"start":{"line":24,"column":8},"end":{"line":26,"column":9}},"14":{"start":{"line":25,"column":10},"end":{"line":25,"column":29}},"15":{"start":{"line":29,"column":21},"end":{"line":33,"column":10}},"16":{"start":{"line":34,"column":22},"end":{"line":34,"column":62}},"17":{"start":{"line":36,"column":8},"end":{"line":36,"column":47}},"18":{"start":{"line":39,"column":6},"end":{"line":39,"column":25}},"19":{"start":{"line":9,"column":13},"end":{"line":9,"column":21}},"20":{"start":{"line":44,"column":24},"end":{"line":54,"column":2}},"21":{"start":{"line":48,"column":4},"end":{"line":54,"column":2}},"22":{"start":{"line":49,"column":2},"end":{"line":52,"column":5}},"23":{"start":{"line":53,"column":2},"end":{"line":53,"column":9}},"24":{"start":{"line":44,"column":13},"end":{"line":44,"column":24}},"25":{"start":{"line":56,"column":23},"end":{"line":68,"column":2}},"26":{"start":{"line":60,"column":4},"end":{"line":68,"column":2}},"27":{"start":{"line":62,"column":2},"end":{"line":66,"column":5}},"28":{"start":{"line":67,"column":2},"end":{"line":67,"column":9}},"29":{"start":{"line":56,"column":13},"end":{"line":56,"column":23}}},"fnMap":{"0":{"name":"(anonymous_14)","decl":{"start":{"line":9,"column":21},"end":{"line":9,"column":null}},"loc":{"start":{"line":13,"column":4},"end":{"line":42,"column":2}}},"1":{"name":"(anonymous_15)","decl":{"start":{"line":13,"column":4},"end":{"line":13,"column":null}},"loc":{"start":{"line":13,"column":4},"end":{"line":42,"column":1}}},"2":{"name":"(anonymous_16)","decl":{"start":{"line":14,"column":33},"end":{"line":14,"column":40}},"loc":{"start":{"line":14,"column":74},"end":{"line":41,"column":4}}},"3":{"name":"(anonymous_17)","decl":{"start":{"line":14,"column":74},"end":{"line":14,"column":null}},"loc":{"start":{"line":14,"column":74},"end":{"line":41,"column":3}}},"4":{"name":"(anonymous_18)","decl":{"start":{"line":23,"column":42},"end":{"line":23,"column":49}},"loc":{"start":{"line":23,"column":58},"end":{"line":37,"column":8}}},"5":{"name":"(anonymous_19)","decl":{"start":{"line":23,"column":58},"end":{"line":23,"column":null}},"loc":{"start":{"line":23,"column":58},"end":{"line":37,"column":7}}},"6":{"name":"(anonymous_20)","decl":{"start":{"line":44,"column":24},"end":{"line":44,"column":null}},"loc":{"start":{"line":48,"column":4},"end":{"line":54,"column":2}}},"7":{"name":"(anonymous_21)","decl":{"start":{"line":48,"column":4},"end":{"line":48,"column":null}},"loc":{"start":{"line":48,"column":4},"end":{"line":54,"column":1}}},"8":{"name":"(anonymous_22)","decl":{"start":{"line":56,"column":23},"end":{"line":56,"column":null}},"loc":{"start":{"line":60,"column":4},"end":{"line":68,"column":2}}},"9":{"name":"(anonymous_23)","decl":{"start":{"line":60,"column":4},"end":{"line":60,"column":null}},"loc":{"start":{"line":60,"column":4},"end":{"line":68,"column":1}}}},"branchMap":{"0":{"loc":{"start":{"line":16,"column":6},"end":{"line":21,"column":7}},"type":"if","locations":[{"start":{"line":16,"column":6},"end":{"line":21,"column":7}}]},"1":{"loc":{"start":{"line":16,"column":10},"end":{"line":16,"column":22}},"type":"binary-expr","locations":[{"start":{"line":16,"column":10},"end":{"line":16,"column":13}},{"start":{"line":16,"column":17},"end":{"line":16,"column":22}}]},"2":{"loc":{"start":{"line":17,"column":29},"end":{"line":17,"column":71}},"type":"cond-expr","locations":[{"start":{"line":17,"column":36},"end":{"line":17,"column":48}},{"start":{"line":17,"column":51},"end":{"line":17,"column":71}}]},"3":{"loc":{"start":{"line":24,"column":8},"end":{"line":26,"column":9}},"type":"if","locations":[{"start":{"line":24,"column":8},"end":{"line":26,"column":9}}]}},"s":{"0":1,"1":1,"2":1,"3":1,"4":1,"5":1,"6":1,"7":1,"8":0,"9":0,"10":0,"11":1,"12":1,"13":1,"14":0,"15":1,"16":1,"17":1,"18":0,"19":1,"20":1,"21":0,"22":0,"23":0,"24":1,"25":1,"26":1,"27":1,"28":1,"29":1},"f":{"0":1,"1":1,"2":1,"3":1,"4":1,"5":1,"6":0,"7":0,"8":1,"9":1},"b":{"0":[0],"1":[1,1],"2":[0,0],"3":[0]}}
,"C:\\Users\\USER\\OneDrive\\Desktop\\andela preparation\\work\\back-endblogs\\src\\controller\\blogcontroll.ts": {"path":"C:\\Users\\USER\\OneDrive\\Desktop\\andela preparation\\work\\back-endblogs\\src\\controller\\blogcontroll.ts","statementMap":{"0":{"start":{"line":2,"column":0},"end":{"line":2,"column":45}},"1":{"start":{"line":3,"column":0},"end":{"line":3,"column":62}},"2":{"start":{"line":5,"column":0},"end":{"line":5,"column":50}},"3":{"start":{"line":6,"column":0},"end":{"line":6,"column":41}},"4":{"start":{"line":8,"column":15},"end":{"line":8,"column":20}},"5":{"start":{"line":9,"column":24},"end":{"line":66,"column":2}},"6":{"start":{"line":9,"column":62},"end":{"line":66,"column":2}},"7":{"start":{"line":10,"column":2},"end":{"line":65,"column":3}},"8":{"start":{"line":11,"column":4},"end":{"line":59,"column":7}},"9":{"start":{"line":11,"column":56},"end":{"line":59,"column":6}},"10":{"start":{"line":14,"column":6},"end":{"line":58,"column":7}},"11":{"start":{"line":15,"column":28},"end":{"line":15,"column":56}},"12":{"start":{"line":17,"column":8},"end":{"line":23,"column":9}},"13":{"start":{"line":18,"column":10},"end":{"line":22,"column":13}},"14":{"start":{"line":24,"column":8},"end":{"line":28,"column":9}},"15":{"start":{"line":25,"column":10},"end":{"line":27,"column":73}},"16":{"start":{"line":30,"column":8},"end":{"line":30,"column":66}},"17":{"start":{"line":30,"column":23},"end":{"line":30,"column":66}},"18":{"start":{"line":31,"column":8},"end":{"line":31,"column":35}},"19":{"start":{"line":32,"column":23},"end":{"line":32,"column":70}},"20":{"start":{"line":34,"column":23},"end":{"line":34,"column":25}},"21":{"start":{"line":35,"column":8},"end":{"line":35,"column":30}},"22":{"start":{"line":37,"column":21},"end":{"line":43,"column":10}},"23":{"start":{"line":44,"column":8},"end":{"line":44,"column":26}},"24":{"start":{"line":46,"column":8},"end":{"line":50,"column":11}},"25":{"start":{"line":53,"column":8},"end":{"line":57,"column":11}},"26":{"start":{"line":61,"column":4},"end":{"line":61,"column":23}},"27":{"start":{"line":62,"column":4},"end":{"line":64,"column":76}},"28":{"start":{"line":9,"column":13},"end":{"line":9,"column":24}},"29":{"start":{"line":68,"column":27},"end":{"line":84,"column":2}},"30":{"start":{"line":68,"column":65},"end":{"line":84,"column":2}},"31":{"start":{"line":69,"column":2},"end":{"line":83,"column":3}},"32":{"start":{"line":70,"column":18},"end":{"line":70,"column":35}},"33":{"start":{"line":71,"column":4},"end":{"line":76,"column":7}},"34":{"start":{"line":78,"column":4},"end":{"line":82,"column":7}},"35":{"start":{"line":68,"column":13},"end":{"line":68,"column":27}},"36":{"start":{"line":87,"column":29},"end":{"line":111,"column":2}},"37":{"start":{"line":87,"column":67},"end":{"line":111,"column":2}},"38":{"start":{"line":88,"column":2},"end":{"line":110,"column":3}},"39":{"start":{"line":89,"column":18},"end":{"line":90,"column":null}},"40":{"start":{"line":93,"column":4},"end":{"line":97,"column":5}},"41":{"start":{"line":94,"column":6},"end":{"line":96,"column":69}},"42":{"start":{"line":99,"column":4},"end":{"line":103,"column":7}},"43":{"start":{"line":105,"column":4},"end":{"line":109,"column":7}},"44":{"start":{"line":87,"column":13},"end":{"line":87,"column":29}},"45":{"start":{"line":114,"column":27},"end":{"line":127,"column":2}},"46":{"start":{"line":114,"column":65},"end":{"line":127,"column":2}},"47":{"start":{"line":115,"column":2},"end":{"line":126,"column":3}},"48":{"start":{"line":116,"column":4},"end":{"line":116,"column":49}},"49":{"start":{"line":117,"column":4},"end":{"line":119,"column":70}},"50":{"start":{"line":121,"column":4},"end":{"line":125,"column":7}},"51":{"start":{"line":114,"column":13},"end":{"line":114,"column":27}},"52":{"start":{"line":129,"column":26},"end":{"line":169,"column":2}},"53":{"start":{"line":129,"column":64},"end":{"line":169,"column":2}},"54":{"start":{"line":130,"column":2},"end":{"line":168,"column":3}},"55":{"start":{"line":131,"column":18},"end":{"line":131,"column":60}},"56":{"start":{"line":133,"column":4},"end":{"line":136,"column":5}},"57":{"start":{"line":134,"column":6},"end":{"line":134,"column":77}},"58":{"start":{"line":135,"column":6},"end":{"line":135,"column":13}},"59":{"start":{"line":138,"column":4},"end":{"line":140,"column":5}},"60":{"start":{"line":139,"column":6},"end":{"line":139,"column":35}},"61":{"start":{"line":142,"column":4},"end":{"line":144,"column":5}},"62":{"start":{"line":143,"column":6},"end":{"line":143,"column":33}},"63":{"start":{"line":145,"column":4},"end":{"line":147,"column":5}},"64":{"start":{"line":146,"column":6},"end":{"line":146,"column":41}},"65":{"start":{"line":148,"column":4},"end":{"line":150,"column":5}},"66":{"start":{"line":149,"column":6},"end":{"line":149,"column":43}},"67":{"start":{"line":151,"column":4},"end":{"line":153,"column":5}},"68":{"start":{"line":152,"column":6},"end":{"line":152,"column":59}},"69":{"start":{"line":155,"column":4},"end":{"line":155,"column":23}},"70":{"start":{"line":156,"column":4},"end":{"line":160,"column":7}},"71":{"start":{"line":162,"column":4},"end":{"line":162,"column":20}},"72":{"start":{"line":163,"column":4},"end":{"line":167,"column":7}},"73":{"start":{"line":129,"column":13},"end":{"line":129,"column":26}}},"fnMap":{"0":{"name":"(anonymous_8)","decl":{"start":{"line":9,"column":24},"end":{"line":9,"column":31}},"loc":{"start":{"line":9,"column":62},"end":{"line":66,"column":2}}},"1":{"name":"(anonymous_9)","decl":{"start":{"line":9,"column":62},"end":{"line":9,"column":null}},"loc":{"start":{"line":9,"column":62},"end":{"line":66,"column":1}}},"2":{"name":"(anonymous_10)","decl":{"start":{"line":11,"column":37},"end":{"line":11,"column":44}},"loc":{"start":{"line":11,"column":56},"end":{"line":59,"column":6}}},"3":{"name":"(anonymous_11)","decl":{"start":{"line":11,"column":56},"end":{"line":11,"column":null}},"loc":{"start":{"line":11,"column":56},"end":{"line":59,"column":5}}},"4":{"name":"(anonymous_12)","decl":{"start":{"line":68,"column":27},"end":{"line":68,"column":34}},"loc":{"start":{"line":68,"column":65},"end":{"line":84,"column":2}}},"5":{"name":"(anonymous_13)","decl":{"start":{"line":68,"column":65},"end":{"line":68,"column":null}},"loc":{"start":{"line":68,"column":65},"end":{"line":84,"column":1}}},"6":{"name":"(anonymous_14)","decl":{"start":{"line":87,"column":29},"end":{"line":87,"column":36}},"loc":{"start":{"line":87,"column":67},"end":{"line":111,"column":2}}},"7":{"name":"(anonymous_15)","decl":{"start":{"line":87,"column":67},"end":{"line":87,"column":null}},"loc":{"start":{"line":87,"column":67},"end":{"line":111,"column":1}}},"8":{"name":"(anonymous_16)","decl":{"start":{"line":114,"column":27},"end":{"line":114,"column":34}},"loc":{"start":{"line":114,"column":65},"end":{"line":127,"column":2}}},"9":{"name":"(anonymous_17)","decl":{"start":{"line":114,"column":65},"end":{"line":114,"column":null}},"loc":{"start":{"line":114,"column":65},"end":{"line":127,"column":1}}},"10":{"name":"(anonymous_18)","decl":{"start":{"line":129,"column":26},"end":{"line":129,"column":33}},"loc":{"start":{"line":129,"column":64},"end":{"line":169,"column":2}}},"11":{"name":"(anonymous_19)","decl":{"start":{"line":129,"column":64},"end":{"line":129,"column":null}},"loc":{"start":{"line":129,"column":64},"end":{"line":169,"column":1}}}},"branchMap":{"0":{"loc":{"start":{"line":17,"column":8},"end":{"line":23,"column":9}},"type":"if","locations":[{"start":{"line":17,"column":8},"end":{"line":23,"column":9}}]},"1":{"loc":{"start":{"line":24,"column":8},"end":{"line":28,"column":9}},"type":"if","locations":[{"start":{"line":24,"column":8},"end":{"line":28,"column":9}}]},"2":{"loc":{"start":{"line":30,"column":8},"end":{"line":30,"column":66}},"type":"if","locations":[{"start":{"line":30,"column":8},"end":{"line":30,"column":66}}]},"3":{"loc":{"start":{"line":93,"column":4},"end":{"line":97,"column":5}},"type":"if","locations":[{"start":{"line":93,"column":4},"end":{"line":97,"column":5}}]},"4":{"loc":{"start":{"line":133,"column":4},"end":{"line":136,"column":5}},"type":"if","locations":[{"start":{"line":133,"column":4},"end":{"line":136,"column":5}}]},"5":{"loc":{"start":{"line":138,"column":4},"end":{"line":140,"column":5}},"type":"if","locations":[{"start":{"line":138,"column":4},"end":{"line":140,"column":5}}]},"6":{"loc":{"start":{"line":142,"column":4},"end":{"line":144,"column":5}},"type":"if","locations":[{"start":{"line":142,"column":4},"end":{"line":144,"column":5}}]},"7":{"loc":{"start":{"line":145,"column":4},"end":{"line":147,"column":5}},"type":"if","locations":[{"start":{"line":145,"column":4},"end":{"line":147,"column":5}}]},"8":{"loc":{"start":{"line":148,"column":4},"end":{"line":150,"column":5}},"type":"if","locations":[{"start":{"line":148,"column":4},"end":{"line":150,"column":5}}]},"9":{"loc":{"start":{"line":151,"column":4},"end":{"line":153,"column":5}},"type":"if","locations":[{"start":{"line":151,"column":4},"end":{"line":153,"column":5}}]}},"s":{"0":1,"1":1,"2":1,"3":1,"4":1,"5":1,"6":1,"7":1,"8":1,"9":1,"10":1,"11":1,"12":1,"13":0,"14":1,"15":0,"16":1,"17":1,"18":0,"19":0,"20":0,"21":0,"22":0,"23":0,"24":0,"25":0,"26":0,"27":0,"28":1,"29":1,"30":1,"31":1,"32":1,"33":1,"34":0,"35":1,"36":1,"37":1,"38":1,"39":1,"40":1,"41":0,"42":1,"43":0,"44":1,"45":1,"46":1,"47":1,"48":1,"49":1,"50":0,"51":1,"52":1,"53":2,"54":2,"55":2,"56":1,"57":0,"58":0,"59":1,"60":1,"61":1,"62":1,"63":1,"64":1,"65":1,"66":1,"67":1,"68":1,"69":1,"70":1,"71":1,"72":1,"73":1},"f":{"0":1,"1":1,"2":1,"3":1,"4":1,"5":1,"6":1,"7":1,"8":1,"9":1,"10":2,"11":2},"b":{"0":[0],"1":[0],"2":[1],"3":[0],"4":[0],"5":[1],"6":[1],"7":[1],"8":[1],"9":[1]}}
,"C:\\Users\\USER\\OneDrive\\Desktop\\andela preparation\\work\\back-endblogs\\src\\controller\\comments.ts": {"path":"C:\\Users\\USER\\OneDrive\\Desktop\\andela preparation\\work\\back-endblogs\\src\\controller\\comments.ts","statementMap":{"0":{"start":{"line":1,"column":0},"end":{"line":1,"column":55}},"1":{"start":{"line":3,"column":0},"end":{"line":3,"column":45}},"2":{"start":{"line":4,"column":0},"end":{"line":4,"column":62}},"3":{"start":{"line":7,"column":30},"end":{"line":14,"column":2}},"4":{"start":{"line":7,"column":68},"end":{"line":14,"column":2}},"5":{"start":{"line":8,"column":2},"end":{"line":13,"column":3}},"6":{"start":{"line":9,"column":23},"end":{"line":9,"column":44}},"7":{"start":{"line":10,"column":4},"end":{"line":10,"column":70}},"8":{"start":{"line":12,"column":4},"end":{"line":12,"column":55}},"9":{"start":{"line":7,"column":13},"end":{"line":7,"column":30}},"10":{"start":{"line":17,"column":30},"end":{"line":29,"column":2}},"11":{"start":{"line":17,"column":68},"end":{"line":29,"column":2}},"12":{"start":{"line":18,"column":2},"end":{"line":28,"column":3}},"13":{"start":{"line":19,"column":22},"end":{"line":19,"column":35}},"14":{"start":{"line":20,"column":20},"end":{"line":20,"column":54}},"15":{"start":{"line":22,"column":4},"end":{"line":24,"column":5}},"16":{"start":{"line":23,"column":6},"end":{"line":23,"column":72}},"17":{"start":{"line":25,"column":4},"end":{"line":25,"column":34}},"18":{"start":{"line":27,"column":4},"end":{"line":27,"column":55}},"19":{"start":{"line":17,"column":13},"end":{"line":17,"column":30}},"20":{"start":{"line":32,"column":29},"end":{"line":47,"column":2}},"21":{"start":{"line":32,"column":67},"end":{"line":47,"column":2}},"22":{"start":{"line":33,"column":2},"end":{"line":46,"column":3}},"23":{"start":{"line":34,"column":22},"end":{"line":34,"column":35}},"24":{"start":{"line":35,"column":20},"end":{"line":35,"column":54}},"25":{"start":{"line":37,"column":4},"end":{"line":39,"column":5}},"26":{"start":{"line":38,"column":6},"end":{"line":38,"column":72}},"27":{"start":{"line":40,"column":4},"end":{"line":40,"column":49}},"28":{"start":{"line":41,"column":4},"end":{"line":43,"column":76}},"29":{"start":{"line":45,"column":4},"end":{"line":45,"column":67}},"30":{"start":{"line":32,"column":13},"end":{"line":32,"column":29}},"31":{"start":{"line":49,"column":28},"end":{"line":82,"column":2}},"32":{"start":{"line":49,"column":66},"end":{"line":82,"column":2}},"33":{"start":{"line":50,"column":2},"end":{"line":81,"column":3}},"34":{"start":{"line":51,"column":27},"end":{"line":51,"column":55}},"35":{"start":{"line":52,"column":4},"end":{"line":56,"column":5}},"36":{"start":{"line":53,"column":6},"end":{"line":55,"column":71}},"37":{"start":{"line":57,"column":19},"end":{"line":57,"column":32}},"38":{"start":{"line":58,"column":17},"end":{"line":58,"column":44}},"39":{"start":{"line":60,"column":4},"end":{"line":64,"column":5}},"40":{"start":{"line":61,"column":6},"end":{"line":63,"column":66}},"41":{"start":{"line":72,"column":31},"end":{"line":76,"column":6}},"42":{"start":{"line":77,"column":4},"end":{"line":77,"column":26}},"43":{"start":{"line":78,"column":4},"end":{"line":78,"column":67}},"44":{"start":{"line":80,"column":4},"end":{"line":80,"column":23}},"45":{"start":{"line":49,"column":13},"end":{"line":49,"column":28}},"46":{"start":{"line":85,"column":29},"end":{"line":109,"column":2}},"47":{"start":{"line":85,"column":67},"end":{"line":109,"column":2}},"48":{"start":{"line":86,"column":2},"end":{"line":108,"column":3}},"49":{"start":{"line":87,"column":22},"end":{"line":87,"column":35}},"50":{"start":{"line":88,"column":25},"end":{"line":88,"column":67}},"51":{"start":{"line":90,"column":4},"end":{"line":94,"column":5}},"52":{"start":{"line":91,"column":6},"end":{"line":93,"column":65}},"53":{"start":{"line":96,"column":4},"end":{"line":98,"column":5}},"54":{"start":{"line":97,"column":6},"end":{"line":97,"column":41}},"55":{"start":{"line":100,"column":4},"end":{"line":100,"column":25}},"56":{"start":{"line":101,"column":4},"end":{"line":101,"column":74}},"57":{"start":{"line":103,"column":4},"end":{"line":107,"column":7}},"58":{"start":{"line":85,"column":13},"end":{"line":85,"column":29}},"59":{"start":{"line":111,"column":33},"end":{"line":123,"column":2}},"60":{"start":{"line":111,"column":71},"end":{"line":123,"column":2}},"61":{"start":{"line":112,"column":2},"end":{"line":122,"column":3}},"62":{"start":{"line":113,"column":19},"end":{"line":113,"column":32}},"63":{"start":{"line":114,"column":21},"end":{"line":114,"column":61}},"64":{"start":{"line":115,"column":4},"end":{"line":117,"column":68}},"65":{"start":{"line":119,"column":4},"end":{"line":121,"column":80}},"66":{"start":{"line":111,"column":13},"end":{"line":111,"column":33}}},"fnMap":{"0":{"name":"(anonymous_8)","decl":{"start":{"line":7,"column":30},"end":{"line":7,"column":37}},"loc":{"start":{"line":7,"column":68},"end":{"line":14,"column":2}}},"1":{"name":"(anonymous_9)","decl":{"start":{"line":7,"column":68},"end":{"line":7,"column":null}},"loc":{"start":{"line":7,"column":68},"end":{"line":14,"column":1}}},"2":{"name":"(anonymous_10)","decl":{"start":{"line":17,"column":30},"end":{"line":17,"column":37}},"loc":{"start":{"line":17,"column":68},"end":{"line":29,"column":2}}},"3":{"name":"(anonymous_11)","decl":{"start":{"line":17,"column":68},"end":{"line":17,"column":null}},"loc":{"start":{"line":17,"column":68},"end":{"line":29,"column":1}}},"4":{"name":"(anonymous_12)","decl":{"start":{"line":32,"column":29},"end":{"line":32,"column":36}},"loc":{"start":{"line":32,"column":67},"end":{"line":47,"column":2}}},"5":{"name":"(anonymous_13)","decl":{"start":{"line":32,"column":67},"end":{"line":32,"column":null}},"loc":{"start":{"line":32,"column":67},"end":{"line":47,"column":1}}},"6":{"name":"(anonymous_14)","decl":{"start":{"line":49,"column":28},"end":{"line":49,"column":35}},"loc":{"start":{"line":49,"column":66},"end":{"line":82,"column":2}}},"7":{"name":"(anonymous_15)","decl":{"start":{"line":49,"column":66},"end":{"line":49,"column":null}},"loc":{"start":{"line":49,"column":66},"end":{"line":82,"column":1}}},"8":{"name":"(anonymous_16)","decl":{"start":{"line":85,"column":29},"end":{"line":85,"column":36}},"loc":{"start":{"line":85,"column":67},"end":{"line":109,"column":2}}},"9":{"name":"(anonymous_17)","decl":{"start":{"line":85,"column":67},"end":{"line":85,"column":null}},"loc":{"start":{"line":85,"column":67},"end":{"line":109,"column":1}}},"10":{"name":"(anonymous_18)","decl":{"start":{"line":111,"column":33},"end":{"line":111,"column":40}},"loc":{"start":{"line":111,"column":71},"end":{"line":123,"column":2}}},"11":{"name":"(anonymous_19)","decl":{"start":{"line":111,"column":71},"end":{"line":111,"column":null}},"loc":{"start":{"line":111,"column":71},"end":{"line":123,"column":1}}}},"branchMap":{"0":{"loc":{"start":{"line":22,"column":4},"end":{"line":24,"column":5}},"type":"if","locations":[{"start":{"line":22,"column":4},"end":{"line":24,"column":5}}]},"1":{"loc":{"start":{"line":37,"column":4},"end":{"line":39,"column":5}},"type":"if","locations":[{"start":{"line":37,"column":4},"end":{"line":39,"column":5}}]},"2":{"loc":{"start":{"line":52,"column":4},"end":{"line":56,"column":5}},"type":"if","locations":[{"start":{"line":52,"column":4},"end":{"line":56,"column":5}}]},"3":{"loc":{"start":{"line":60,"column":4},"end":{"line":64,"column":5}},"type":"if","locations":[{"start":{"line":60,"column":4},"end":{"line":64,"column":5}}]},"4":{"loc":{"start":{"line":90,"column":4},"end":{"line":94,"column":5}},"type":"if","locations":[{"start":{"line":90,"column":4},"end":{"line":94,"column":5}}]},"5":{"loc":{"start":{"line":96,"column":4},"end":{"line":98,"column":5}},"type":"if","locations":[{"start":{"line":96,"column":4},"end":{"line":98,"column":5}}]}},"s":{"0":1,"1":1,"2":1,"3":1,"4":2,"5":2,"6":2,"7":2,"8":0,"9":1,"10":1,"11":1,"12":1,"13":1,"14":1,"15":1,"16":0,"17":1,"18":0,"19":1,"20":1,"21":1,"22":1,"23":1,"24":1,"25":1,"26":0,"27":1,"28":1,"29":0,"30":1,"31":1,"32":1,"33":1,"34":1,"35":1,"36":0,"37":1,"38":1,"39":1,"40":0,"41":1,"42":1,"43":1,"44":0,"45":1,"46":1,"47":2,"48":2,"49":2,"50":2,"51":1,"52":0,"53":1,"54":1,"55":1,"56":1,"57":1,"58":1,"59":1,"60":1,"61":1,"62":1,"63":1,"64":1,"65":0,"66":1},"f":{"0":2,"1":2,"2":1,"3":1,"4":1,"5":1,"6":1,"7":1,"8":2,"9":2,"10":1,"11":1},"b":{"0":[0],"1":[0],"2":[0],"3":[0],"4":[0],"5":[1]}}
,"C:\\Users\\USER\\OneDrive\\Desktop\\andela preparation\\work\\back-endblogs\\src\\controller\\like.ts": {"path":"C:\\Users\\USER\\OneDrive\\Desktop\\andela preparation\\work\\back-endblogs\\src\\controller\\like.ts","statementMap":{"0":{"start":{"line":1,"column":0},"end":{"line":1,"column":48}},"1":{"start":{"line":3,"column":0},"end":{"line":3,"column":34}},"2":{"start":{"line":5,"column":27},"end":{"line":12,"column":2}},"3":{"start":{"line":5,"column":65},"end":{"line":12,"column":2}},"4":{"start":{"line":6,"column":2},"end":{"line":11,"column":3}},"5":{"start":{"line":7,"column":21},"end":{"line":7,"column":39}},"6":{"start":{"line":8,"column":4},"end":{"line":8,"column":65}},"7":{"start":{"line":10,"column":4},"end":{"line":10,"column":67}},"8":{"start":{"line":5,"column":13},"end":{"line":5,"column":27}},"9":{"start":{"line":14,"column":24},"end":{"line":34,"column":2}},"10":{"start":{"line":14,"column":62},"end":{"line":34,"column":2}},"11":{"start":{"line":15,"column":2},"end":{"line":33,"column":3}},"12":{"start":{"line":16,"column":19},"end":{"line":16,"column":32}},"13":{"start":{"line":17,"column":17},"end":{"line":17,"column":44}},"14":{"start":{"line":19,"column":4},"end":{"line":23,"column":5}},"15":{"start":{"line":20,"column":6},"end":{"line":22,"column":68}},"16":{"start":{"line":25,"column":25},"end":{"line":28,"column":6}},"17":{"start":{"line":29,"column":4},"end":{"line":29,"column":22}},"18":{"start":{"line":30,"column":4},"end":{"line":30,"column":54}},"19":{"start":{"line":32,"column":4},"end":{"line":32,"column":67}},"20":{"start":{"line":14,"column":13},"end":{"line":14,"column":24}},"21":{"start":{"line":36,"column":26},"end":{"line":53,"column":2}},"22":{"start":{"line":36,"column":64},"end":{"line":53,"column":2}},"23":{"start":{"line":37,"column":2},"end":{"line":52,"column":3}},"24":{"start":{"line":38,"column":19},"end":{"line":38,"column":32}},"25":{"start":{"line":39,"column":20},"end":{"line":39,"column":48}},"26":{"start":{"line":41,"column":4},"end":{"line":45,"column":5}},"27":{"start":{"line":42,"column":6},"end":{"line":44,"column":68}},"28":{"start":{"line":46,"column":4},"end":{"line":46,"column":43}},"29":{"start":{"line":47,"column":4},"end":{"line":49,"column":76}},"30":{"start":{"line":51,"column":4},"end":{"line":51,"column":67}},"31":{"start":{"line":36,"column":13},"end":{"line":36,"column":26}},"32":{"start":{"line":55,"column":30},"end":{"line":63,"column":2}},"33":{"start":{"line":55,"column":68},"end":{"line":63,"column":2}},"34":{"start":{"line":56,"column":2},"end":{"line":62,"column":3}},"35":{"start":{"line":57,"column":19},"end":{"line":57,"column":32}},"36":{"start":{"line":58,"column":18},"end":{"line":58,"column":55}},"37":{"start":{"line":59,"column":4},"end":{"line":59,"column":54}},"38":{"start":{"line":61,"column":4},"end":{"line":61,"column":61}},"39":{"start":{"line":55,"column":13},"end":{"line":55,"column":30}}},"fnMap":{"0":{"name":"(anonymous_8)","decl":{"start":{"line":5,"column":27},"end":{"line":5,"column":34}},"loc":{"start":{"line":5,"column":65},"end":{"line":12,"column":2}}},"1":{"name":"(anonymous_9)","decl":{"start":{"line":5,"column":65},"end":{"line":5,"column":null}},"loc":{"start":{"line":5,"column":65},"end":{"line":12,"column":1}}},"2":{"name":"(anonymous_10)","decl":{"start":{"line":14,"column":24},"end":{"line":14,"column":31}},"loc":{"start":{"line":14,"column":62},"end":{"line":34,"column":2}}},"3":{"name":"(anonymous_11)","decl":{"start":{"line":14,"column":62},"end":{"line":14,"column":null}},"loc":{"start":{"line":14,"column":62},"end":{"line":34,"column":1}}},"4":{"name":"(anonymous_12)","decl":{"start":{"line":36,"column":26},"end":{"line":36,"column":33}},"loc":{"start":{"line":36,"column":64},"end":{"line":53,"column":2}}},"5":{"name":"(anonymous_13)","decl":{"start":{"line":36,"column":64},"end":{"line":36,"column":null}},"loc":{"start":{"line":36,"column":64},"end":{"line":53,"column":1}}},"6":{"name":"(anonymous_14)","decl":{"start":{"line":55,"column":30},"end":{"line":55,"column":37}},"loc":{"start":{"line":55,"column":68},"end":{"line":63,"column":2}}},"7":{"name":"(anonymous_15)","decl":{"start":{"line":55,"column":68},"end":{"line":55,"column":null}},"loc":{"start":{"line":55,"column":68},"end":{"line":63,"column":1}}}},"branchMap":{"0":{"loc":{"start":{"line":19,"column":4},"end":{"line":23,"column":5}},"type":"if","locations":[{"start":{"line":19,"column":4},"end":{"line":23,"column":5}}]},"1":{"loc":{"start":{"line":41,"column":4},"end":{"line":45,"column":5}},"type":"if","locations":[{"start":{"line":41,"column":4},"end":{"line":45,"column":5}}]}},"s":{"0":1,"1":1,"2":1,"3":2,"4":2,"5":2,"6":2,"7":0,"8":1,"9":1,"10":1,"11":1,"12":1,"13":1,"14":1,"15":0,"16":1,"17":1,"18":1,"19":0,"20":1,"21":1,"22":1,"23":1,"24":1,"25":1,"26":1,"27":0,"28":1,"29":1,"30":0,"31":1,"32":1,"33":1,"34":1,"35":1,"36":1,"37":1,"38":0,"39":1},"f":{"0":2,"1":2,"2":1,"3":1,"4":1,"5":1,"6":1,"7":1},"b":{"0":[0],"1":[0]}}
,"C:\\Users\\USER\\OneDrive\\Desktop\\andela preparation\\work\\back-endblogs\\src\\jwt\\authe.ts": {"path":"C:\\Users\\USER\\OneDrive\\Desktop\\andela preparation\\work\\back-endblogs\\src\\jwt\\authe.ts","statementMap":{"0":{"start":{"line":1,"column":0},"end":{"line":1,"column":47}},"1":{"start":{"line":2,"column":0},"end":{"line":2,"column":32}},"2":{"start":{"line":4,"column":0},"end":{"line":4,"column":67}},"3":{"start":{"line":6,"column":0},"end":{"line":6,"column":69}},"4":{"start":{"line":7,"column":0},"end":{"line":7,"column":28}},"5":{"start":{"line":9,"column":0},"end":{"line":31,"column":2}},"6":{"start":{"line":17,"column":36},"end":{"line":29,"column":null}},"7":{"start":{"line":18,"column":6},"end":{"line":28,"column":7}},"8":{"start":{"line":19,"column":28},"end":{"line":19,"column":65}},"9":{"start":{"line":21,"column":8},"end":{"line":22,"column":66}},"10":{"start":{"line":22,"column":10},"end":{"line":22,"column":66}},"11":{"start":{"line":23,"column":21},"end":{"line":23,"column":60}},"12":{"start":{"line":25,"column":8},"end":{"line":25,"column":32}},"13":{"start":{"line":27,"column":8},"end":{"line":27,"column":26}},"14":{"start":{"line":33,"column":0},"end":{"line":62,"column":2}},"15":{"start":{"line":41,"column":41},"end":{"line":60,"column":null}},"16":{"start":{"line":42,"column":6},"end":{"line":59,"column":7}},"17":{"start":{"line":44,"column":26},"end":{"line":44,"column":56}},"18":{"start":{"line":46,"column":8},"end":{"line":48,"column":9}},"19":{"start":{"line":47,"column":10},"end":{"line":47,"column":66}},"20":{"start":{"line":50,"column":25},"end":{"line":50,"column":64}},"21":{"start":{"line":52,"column":8},"end":{"line":54,"column":9}},"22":{"start":{"line":53,"column":10},"end":{"line":53,"column":66}},"23":{"start":{"line":56,"column":8},"end":{"line":56,"column":71}},"24":{"start":{"line":58,"column":8},"end":{"line":58,"column":27}},"25":{"start":{"line":64,"column":0},"end":{"line":78,"column":2}},"26":{"start":{"line":70,"column":26},"end":{"line":76,"column":null}},"27":{"start":{"line":71,"column":6},"end":{"line":75,"column":7}},"28":{"start":{"line":72,"column":8},"end":{"line":72,"column":38}},"29":{"start":{"line":74,"column":8},"end":{"line":74,"column":20}},"30":{"start":{"line":79,"column":0},"end":{"line":93,"column":2}},"31":{"start":{"line":85,"column":26},"end":{"line":91,"column":null}},"32":{"start":{"line":86,"column":6},"end":{"line":90,"column":7}},"33":{"start":{"line":87,"column":8},"end":{"line":87,"column":38}},"34":{"start":{"line":89,"column":8},"end":{"line":89,"column":20}}},"fnMap":{"0":{"name":"(anonymous_8)","decl":{"start":{"line":17,"column":4},"end":{"line":17,"column":11}},"loc":{"start":{"line":17,"column":36},"end":{"line":29,"column":null}}},"1":{"name":"(anonymous_9)","decl":{"start":{"line":17,"column":36},"end":{"line":17,"column":null}},"loc":{"start":{"line":17,"column":36},"end":{"line":29,"column":5}}},"2":{"name":"(anonymous_10)","decl":{"start":{"line":41,"column":4},"end":{"line":41,"column":11}},"loc":{"start":{"line":41,"column":41},"end":{"line":60,"column":null}}},"3":{"name":"(anonymous_11)","decl":{"start":{"line":41,"column":41},"end":{"line":41,"column":null}},"loc":{"start":{"line":41,"column":41},"end":{"line":60,"column":5}}},"4":{"name":"(anonymous_12)","decl":{"start":{"line":70,"column":4},"end":{"line":70,"column":11}},"loc":{"start":{"line":70,"column":26},"end":{"line":76,"column":null}}},"5":{"name":"(anonymous_13)","decl":{"start":{"line":70,"column":26},"end":{"line":70,"column":null}},"loc":{"start":{"line":70,"column":26},"end":{"line":76,"column":5}}},"6":{"name":"(anonymous_14)","decl":{"start":{"line":85,"column":4},"end":{"line":85,"column":11}},"loc":{"start":{"line":85,"column":26},"end":{"line":91,"column":null}}},"7":{"name":"(anonymous_15)","decl":{"start":{"line":85,"column":26},"end":{"line":85,"column":null}},"loc":{"start":{"line":85,"column":26},"end":{"line":91,"column":5}}}},"branchMap":{"0":{"loc":{"start":{"line":21,"column":8},"end":{"line":22,"column":66}},"type":"if","locations":[{"start":{"line":21,"column":8},"end":{"line":22,"column":66}}]},"1":{"loc":{"start":{"line":46,"column":8},"end":{"line":48,"column":9}},"type":"if","locations":[{"start":{"line":46,"column":8},"end":{"line":48,"column":9}}]},"2":{"loc":{"start":{"line":52,"column":8},"end":{"line":54,"column":9}},"type":"if","locations":[{"start":{"line":52,"column":8},"end":{"line":54,"column":9}}]}},"s":{"0":1,"1":1,"2":1,"3":1,"4":1,"5":1,"6":1,"7":1,"8":1,"9":1,"10":1,"11":0,"12":0,"13":0,"14":1,"15":2,"16":2,"17":2,"18":2,"19":0,"20":2,"21":2,"22":0,"23":2,"24":0,"25":1,"26":7,"27":7,"28":7,"29":0,"30":1,"31":0,"32":0,"33":0,"34":0},"f":{"0":1,"1":1,"2":2,"3":2,"4":7,"5":7,"6":0,"7":0},"b":{"0":[1],"1":[0],"2":[0]}}
,"C:\\Users\\USER\\OneDrive\\Desktop\\andela preparation\\work\\back-endblogs\\src\\middleware\\admin.ts": {"path":"C:\\Users\\USER\\OneDrive\\Desktop\\andela preparation\\work\\back-endblogs\\src\\middleware\\admin.ts","statementMap":{"0":{"start":{"line":2,"column":0},"end":{"line":2,"column":36}},"1":{"start":{"line":5,"column":26},"end":{"line":26,"column":2}},"2":{"start":{"line":9,"column":4},"end":{"line":26,"column":2}},"3":{"start":{"line":10,"column":2},"end":{"line":25,"column":3}},"4":{"start":{"line":12,"column":27},"end":{"line":12,"column":35}},"5":{"start":{"line":13,"column":4},"end":{"line":22,"column":5}},"6":{"start":{"line":14,"column":24},"end":{"line":14,"column":67}},"7":{"start":{"line":15,"column":6},"end":{"line":21,"column":7}},"8":{"start":{"line":16,"column":8},"end":{"line":16,"column":15}},"9":{"start":{"line":18,"column":8},"end":{"line":20,"column":65}},"10":{"start":{"line":24,"column":4},"end":{"line":24,"column":47}},"11":{"start":{"line":5,"column":13},"end":{"line":5,"column":26}}},"fnMap":{"0":{"name":"(anonymous_8)","decl":{"start":{"line":5,"column":26},"end":{"line":5,"column":null}},"loc":{"start":{"line":9,"column":4},"end":{"line":26,"column":2}}},"1":{"name":"(anonymous_9)","decl":{"start":{"line":9,"column":4},"end":{"line":9,"column":null}},"loc":{"start":{"line":9,"column":4},"end":{"line":26,"column":1}}}},"branchMap":{"0":{"loc":{"start":{"line":13,"column":4},"end":{"line":22,"column":5}},"type":"if","locations":[{"start":{"line":13,"column":4},"end":{"line":22,"column":5}}]},"1":{"loc":{"start":{"line":15,"column":6},"end":{"line":21,"column":7}},"type":"if","locations":[{"start":{"line":15,"column":6},"end":{"line":21,"column":7}},{"start":{"line":17,"column":13},"end":{"line":21,"column":7}}]},"2":{"loc":{"start":{"line":15,"column":10},"end":{"line":15,"column":39}},"type":"binary-expr","locations":[{"start":{"line":15,"column":10},"end":{"line":15,"column":14}},{"start":{"line":15,"column":18},"end":{"line":15,"column":39}}]}},"s":{"0":1,"1":1,"2":5,"3":5,"4":5,"5":5,"6":5,"7":5,"8":5,"9":0,"10":0,"11":1},"f":{"0":5,"1":5},"b":{"0":[5],"1":[5,0],"2":[5,5]}}
,"C:\\Users\\USER\\OneDrive\\Desktop\\andela preparation\\work\\back-endblogs\\src\\middleware\\middle.ts": {"path":"C:\\Users\\USER\\OneDrive\\Desktop\\andela preparation\\work\\back-endblogs\\src\\middleware\\middle.ts","statementMap":{"0":{"start":{"line":2,"column":0},"end":{"line":2,"column":45}},"1":{"start":{"line":3,"column":0},"end":{"line":3,"column":39}},"2":{"start":{"line":7,"column":27},"end":{"line":24,"column":2}},"3":{"start":{"line":11,"column":4},"end":{"line":24,"column":2}},"4":{"start":{"line":12,"column":2},"end":{"line":23,"column":3}},"5":{"start":{"line":13,"column":19},"end":{"line":13,"column":32}},"6":{"start":{"line":15,"column":17},"end":{"line":15,"column":52}},"7":{"start":{"line":16,"column":4},"end":{"line":20,"column":5}},"8":{"start":{"line":17,"column":6},"end":{"line":17,"column":68}},"9":{"start":{"line":19,"column":6},"end":{"line":19,"column":13}},"10":{"start":{"line":22,"column":4},"end":{"line":22,"column":47}},"11":{"start":{"line":7,"column":13},"end":{"line":7,"column":27}},"12":{"start":{"line":26,"column":28},"end":{"line":44,"column":2}},"13":{"start":{"line":30,"column":4},"end":{"line":44,"column":2}},"14":{"start":{"line":31,"column":2},"end":{"line":43,"column":3}},"15":{"start":{"line":32,"column":20},"end":{"line":32,"column":65}},"16":{"start":{"line":34,"column":4},"end":{"line":40,"column":5}},"17":{"start":{"line":35,"column":6},"end":{"line":37,"column":64}},"18":{"start":{"line":39,"column":6},"end":{"line":39,"column":13}},"19":{"start":{"line":42,"column":4},"end":{"line":42,"column":47}},"20":{"start":{"line":26,"column":13},"end":{"line":26,"column":28}}},"fnMap":{"0":{"name":"(anonymous_8)","decl":{"start":{"line":7,"column":27},"end":{"line":7,"column":null}},"loc":{"start":{"line":11,"column":4},"end":{"line":24,"column":2}}},"1":{"name":"(anonymous_9)","decl":{"start":{"line":11,"column":4},"end":{"line":11,"column":null}},"loc":{"start":{"line":11,"column":4},"end":{"line":24,"column":1}}},"2":{"name":"(anonymous_10)","decl":{"start":{"line":26,"column":28},"end":{"line":26,"column":null}},"loc":{"start":{"line":30,"column":4},"end":{"line":44,"column":2}}},"3":{"name":"(anonymous_11)","decl":{"start":{"line":30,"column":4},"end":{"line":30,"column":null}},"loc":{"start":{"line":30,"column":4},"end":{"line":44,"column":1}}}},"branchMap":{"0":{"loc":{"start":{"line":16,"column":4},"end":{"line":20,"column":5}},"type":"if","locations":[{"start":{"line":16,"column":4},"end":{"line":20,"column":5}},{"start":{"line":18,"column":11},"end":{"line":20,"column":5}}]},"1":{"loc":{"start":{"line":34,"column":4},"end":{"line":40,"column":5}},"type":"if","locations":[{"start":{"line":34,"column":4},"end":{"line":40,"column":5}},{"start":{"line":38,"column":11},"end":{"line":40,"column":5}}]}},"s":{"0":1,"1":1,"2":1,"3":3,"4":3,"5":3,"6":3,"7":3,"8":0,"9":3,"10":0,"11":1,"12":1,"13":2,"14":2,"15":2,"16":1,"17":0,"18":1,"19":1,"20":1},"f":{"0":3,"1":3,"2":2,"3":2},"b":{"0":[0,3],"1":[0,1]}}
,"C:\\Users\\USER\\OneDrive\\Desktop\\andela preparation\\work\\back-endblogs\\src\\models\\Querys.ts": {"path":"C:\\Users\\USER\\OneDrive\\Desktop\\andela preparation\\work\\back-endblogs\\src\\models\\Querys.ts","statementMap":{"0":{"start":{"line":1,"column":0},"end":{"line":1,"column":32}},"1":{"start":{"line":9,"column":16},"end":{"line":13,"column":2}},"2":{"start":{"line":15,"column":16},"end":{"line":15,"column":61}},"3":{"start":{"line":16,"column":0},"end":{"line":16,"column":23}}},"fnMap":{},"branchMap":{},"s":{"0":1,"1":1,"2":1,"3":1},"f":{},"b":{}}
,"C:\\Users\\USER\\OneDrive\\Desktop\\andela preparation\\work\\back-endblogs\\src\\models\\blog.ts": {"path":"C:\\Users\\USER\\OneDrive\\Desktop\\andela preparation\\work\\back-endblogs\\src\\models\\blog.ts","statementMap":{"0":{"start":{"line":1,"column":0},"end":{"line":1,"column":32}},"1":{"start":{"line":14,"column":15},"end":{"line":21,"column":2}},"2":{"start":{"line":26,"column":13},"end":{"line":26,"column":50}},"3":{"start":{"line":27,"column":0},"end":{"line":27,"column":20}}},"fnMap":{},"branchMap":{},"s":{"0":1,"1":1,"2":1,"3":1},"f":{},"b":{}}
,"C:\\Users\\USER\\OneDrive\\Desktop\\andela preparation\\work\\back-endblogs\\src\\models\\comment.ts": {"path":"C:\\Users\\USER\\OneDrive\\Desktop\\andela preparation\\work\\back-endblogs\\src\\models\\comment.ts","statementMap":{"0":{"start":{"line":2,"column":0},"end":{"line":2,"column":32}},"1":{"start":{"line":10,"column":23},"end":{"line":14,"column":2}},"2":{"start":{"line":16,"column":17},"end":{"line":16,"column":69}},"3":{"start":{"line":17,"column":0},"end":{"line":17,"column":24}}},"fnMap":{},"branchMap":{},"s":{"0":1,"1":1,"2":1,"3":1},"f":{},"b":{}}
,"C:\\Users\\USER\\OneDrive\\Desktop\\andela preparation\\work\\back-endblogs\\src\\models\\likes.ts": {"path":"C:\\Users\\USER\\OneDrive\\Desktop\\andela preparation\\work\\back-endblogs\\src\\models\\likes.ts","statementMap":{"0":{"start":{"line":2,"column":0},"end":{"line":2,"column":32}},"1":{"start":{"line":9,"column":19},"end":{"line":12,"column":2}},"2":{"start":{"line":14,"column":14},"end":{"line":14,"column":57}},"3":{"start":{"line":15,"column":0},"end":{"line":15,"column":21}}},"fnMap":{},"branchMap":{},"s":{"0":1,"1":1,"2":1,"3":1},"f":{},"b":{}}
,"C:\\Users\\USER\\OneDrive\\Desktop\\andela preparation\\work\\back-endblogs\\src\\models\\router.ts": {"path":"C:\\Users\\USER\\OneDrive\\Desktop\\andela preparation\\work\\back-endblogs\\src\\models\\router.ts","statementMap":{"0":{"start":{"line":1,"column":0},"end":{"line":1,"column":42}},"1":{"start":{"line":3,"column":0},"end":{"line":3,"column":null}},"2":{"start":{"line":9,"column":0},"end":{"line":9,"column":null}},"3":{"start":{"line":16,"column":0},"end":{"line":16,"column":null}},"4":{"start":{"line":24,"column":23},"end":{"line":24,"column":39}},"5":{"start":{"line":25,"column":0},"end":{"line":25,"column":65}},"6":{"start":{"line":26,"column":0},"end":{"line":26,"column":null}},"7":{"start":{"line":32,"column":0},"end":{"line":32,"column":32}},"8":{"start":{"line":37,"column":0},"end":{"line":37,"column":75}},"9":{"start":{"line":38,"column":0},"end":{"line":38,"column":49}},"10":{"start":{"line":46,"column":0},"end":{"line":54,"column":20}},"11":{"start":{"line":58,"column":0},"end":{"line":70,"column":22}},"12":{"start":{"line":73,"column":0},"end":{"line":73,"column":67}},"13":{"start":{"line":74,"column":0},"end":{"line":74,"column":71}},"14":{"start":{"line":75,"column":0},"end":{"line":75,"column":46}},"15":{"start":{"line":76,"column":0},"end":{"line":76,"column":50}},"16":{"start":{"line":77,"column":0},"end":{"line":77,"column":51}},"17":{"start":{"line":78,"column":0},"end":{"line":78,"column":52}},"18":{"start":{"line":82,"column":0},"end":{"line":85,"column":72}},"19":{"start":{"line":86,"column":0},"end":{"line":93,"column":4}},"20":{"start":{"line":96,"column":0},"end":{"line":96,"column":60}},"21":{"start":{"line":97,"column":0},"end":{"line":97,"column":52}},"22":{"start":{"line":98,"column":0},"end":{"line":98,"column":40}},"23":{"start":{"line":99,"column":0},"end":{"line":99,"column":46}},"24":{"start":{"line":102,"column":0},"end":{"line":104,"column":71}},"25":{"start":{"line":105,"column":0},"end":{"line":107,"column":67}},"26":{"start":{"line":108,"column":0},"end":{"line":110,"column":66}},"27":{"start":{"line":111,"column":0},"end":{"line":111,"column":22}}},"fnMap":{},"branchMap":{},"s":{"0":1,"1":1,"2":1,"3":1,"4":1,"5":1,"6":1,"7":1,"8":1,"9":1,"10":1,"11":1,"12":1,"13":1,"14":1,"15":1,"16":1,"17":1,"18":1,"19":1,"20":1,"21":1,"22":1,"23":1,"24":1,"25":1,"26":1,"27":1},"f":{},"b":{}}
,"C:\\Users\\USER\\OneDrive\\Desktop\\andela preparation\\work\\back-endblogs\\src\\models\\users.ts": {"path":"C:\\Users\\USER\\OneDrive\\Desktop\\andela preparation\\work\\back-endblogs\\src\\models\\users.ts","statementMap":{"0":{"start":{"line":1,"column":0},"end":{"line":1,"column":32}},"1":{"start":{"line":12,"column":19},"end":{"line":27,"column":2}},"2":{"start":{"line":28,"column":14},"end":{"line":28,"column":56}},"3":{"start":{"line":44,"column":0},"end":{"line":44,"column":21}}},"fnMap":{},"branchMap":{},"s":{"0":1,"1":1,"2":1,"3":1},"f":{},"b":{}}
,"C:\\Users\\USER\\OneDrive\\Desktop\\andela preparation\\work\\back-endblogs\\src\\validation\\validation.ts": {"path":"C:\\Users\\USER\\OneDrive\\Desktop\\andela preparation\\work\\back-endblogs\\src\\validation\\validation.ts","statementMap":{"0":{"start":{"line":1,"column":0},"end":{"line":1,"column":39}},"1":{"start":{"line":6,"column":34},"end":{"line":17,"column":1}},"2":{"start":{"line":7,"column":27},"end":{"line":14,"column":4}},"3":{"start":{"line":16,"column":2},"end":{"line":16,"column":42}},"4":{"start":{"line":6,"column":13},"end":{"line":6,"column":34}},"5":{"start":{"line":20,"column":33},"end":{"line":29,"column":1}},"6":{"start":{"line":23,"column":24},"end":{"line":27,"column":4}},"7":{"start":{"line":28,"column":2},"end":{"line":28,"column":41}},"8":{"start":{"line":20,"column":13},"end":{"line":20,"column":33}},"9":{"start":{"line":31,"column":34},"end":{"line":37,"column":1}},"10":{"start":{"line":32,"column":25},"end":{"line":35,"column":4}},"11":{"start":{"line":36,"column":2},"end":{"line":36,"column":43}},"12":{"start":{"line":31,"column":13},"end":{"line":31,"column":34}}},"fnMap":{"0":{"name":"(anonymous_1)","decl":{"start":{"line":6,"column":34},"end":{"line":6,"column":35}},"loc":{"start":{"line":6,"column":51},"end":{"line":17,"column":1}}},"1":{"name":"(anonymous_2)","decl":{"start":{"line":20,"column":33},"end":{"line":20,"column":34}},"loc":{"start":{"line":20,"column":56},"end":{"line":29,"column":1}}},"2":{"name":"(anonymous_3)","decl":{"start":{"line":31,"column":34},"end":{"line":31,"column":35}},"loc":{"start":{"line":31,"column":57},"end":{"line":37,"column":1}}}},"branchMap":{},"s":{"0":1,"1":1,"2":1,"3":1,"4":1,"5":1,"6":1,"7":1,"8":1,"9":1,"10":1,"11":1,"12":1},"f":{"0":1,"1":1,"2":1},"b":{}}
}
