TN:
SF:src\app.ts
FN:14,(anonymous_1)
FNF:1
FNH:1
FNDA:1,(anonymous_1)
DA:1,1
DA:2,1
DA:3,1
DA:4,1
DA:5,1
DA:7,1
DA:9,1
DA:10,1
DA:11,1
DA:12,1
DA:13,1
DA:14,1
DA:15,1
DA:16,1
DA:19,1
LF:15
LH:15
BRDA:15,0,0,1
BRDA:15,0,1,1
BRF:2
BRH:2
end_of_record
TN:
SF:src\cloudinary\cloudinary.ts
FNF:0
FNH:0
DA:1,1
DA:2,1
DA:3,1
DA:5,1
DA:39,1
LF:5
LH:5
BRF:0
BRH:0
end_of_record
TN:
SF:src\cloudinary\multer.ts
FN:26,(anonymous_1)
FN:29,(anonymous_2)
FN:35,(anonymous_3)
FNF:3
FNH:0
FNDA:0,(anonymous_1)
FNDA:0,(anonymous_2)
FNDA:0,(anonymous_3)
DA:1,1
DA:3,1
DA:4,1
DA:17,1
DA:20,1
DA:21,0
DA:24,1
DA:27,0
DA:31,0
DA:32,0
DA:36,0
DA:37,0
DA:38,0
DA:39,0
DA:41,0
DA:45,1
LF:16
LH:7
BRDA:20,0,0,0
BRDA:37,1,0,0
BRDA:37,2,0,0
BRDA:37,2,1,0
BRDA:37,2,2,0
BRF:5
BRH:0
end_of_record
TN:
SF:src\controller\Querries.ts
FN:5,(anonymous_8)
FN:5,(anonymous_9)
FN:28,(anonymous_10)
FN:28,(anonymous_11)
FN:41,(anonymous_12)
FN:41,(anonymous_13)
FNF:6
FNH:6
FNDA:1,(anonymous_8)
FNDA:1,(anonymous_9)
FNDA:1,(anonymous_10)
FNDA:1,(anonymous_11)
FNDA:1,(anonymous_12)
FNDA:1,(anonymous_13)
DA:1,1
DA:3,1
DA:5,1
DA:6,1
DA:7,1
DA:8,1
DA:9,0
DA:10,0
DA:12,1
DA:17,1
DA:18,1
DA:20,0
DA:28,1
DA:29,1
DA:30,1
DA:31,1
DA:33,0
DA:41,1
DA:42,1
DA:43,1
DA:45,1
DA:46,0
DA:49,0
DA:52,1
DA:53,1
DA:55,1
DA:56,1
DA:58,0
LF:28
LH:21
BRDA:8,0,0,0
BRDA:45,1,0,0
BRDA:52,2,0,1
BRF:3
BRH:1
end_of_record
TN:
SF:src\controller\accountcontroller.ts
FN:9,(anonymous_14)
FN:13,(anonymous_15)
FN:14,(anonymous_16)
FN:14,(anonymous_17)
FN:23,(anonymous_18)
FN:23,(anonymous_19)
FN:44,(anonymous_20)
FN:48,(anonymous_21)
FN:56,(anonymous_22)
FN:60,(anonymous_23)
FNF:10
FNH:8
FNDA:1,(anonymous_14)
FNDA:1,(anonymous_15)
FNDA:1,(anonymous_16)
FNDA:1,(anonymous_17)
FNDA:1,(anonymous_18)
FNDA:1,(anonymous_19)
FNDA:0,(anonymous_20)
FNDA:0,(anonymous_21)
FNDA:1,(anonymous_22)
FNDA:1,(anonymous_23)
DA:4,1
DA:7,1
DA:9,1
DA:13,1
DA:14,1
DA:15,1
DA:16,1
DA:17,0
DA:18,0
DA:20,0
DA:23,1
DA:24,1
DA:25,0
DA:29,1
DA:34,1
DA:36,1
DA:39,0
DA:44,1
DA:48,0
DA:49,0
DA:53,0
DA:56,1
DA:60,1
DA:61,1
DA:62,1
DA:67,1
LF:26
LH:18
BRDA:16,0,0,0
BRDA:16,1,0,1
BRDA:16,1,1,1
BRDA:17,2,0,0
BRDA:17,2,1,0
BRDA:24,3,0,0
BRF:6
BRH:2
end_of_record
TN:
SF:src\controller\blogcontroll.ts
FN:9,(anonymous_8)
FN:9,(anonymous_9)
FN:11,(anonymous_10)
FN:11,(anonymous_11)
FN:68,(anonymous_12)
FN:68,(anonymous_13)
FN:87,(anonymous_14)
FN:87,(anonymous_15)
FN:114,(anonymous_16)
FN:114,(anonymous_17)
FN:129,(anonymous_18)
FN:129,(anonymous_19)
FNF:12
FNH:10
FNDA:1,(anonymous_8)
FNDA:1,(anonymous_9)
FNDA:1,(anonymous_10)
FNDA:1,(anonymous_11)
FNDA:1,(anonymous_12)
FNDA:1,(anonymous_13)
FNDA:1,(anonymous_14)
FNDA:1,(anonymous_15)
FNDA:0,(anonymous_16)
FNDA:0,(anonymous_17)
FNDA:1,(anonymous_18)
FNDA:1,(anonymous_19)
DA:2,1
DA:3,1
DA:5,1
DA:6,1
DA:8,1
DA:9,1
DA:10,1
DA:11,1
DA:14,1
DA:15,1
DA:17,1
DA:18,1
DA:24,0
DA:25,0
DA:30,0
DA:31,0
DA:32,0
DA:34,0
DA:35,0
DA:37,0
DA:44,0
DA:46,0
DA:53,0
DA:61,0
DA:62,0
DA:68,1
DA:69,1
DA:70,1
DA:71,1
DA:78,0
DA:87,1
DA:88,1
DA:89,1
DA:93,1
DA:94,0
DA:99,1
DA:105,0
DA:114,1
DA:115,0
DA:116,0
DA:117,0
DA:121,0
DA:129,1
DA:130,1
DA:131,1
DA:133,1
DA:134,0
DA:135,0
DA:138,1
DA:139,1
DA:142,1
DA:143,1
DA:145,1
DA:146,1
DA:148,1
DA:149,1
DA:151,1
DA:152,1
DA:155,1
DA:156,1
DA:162,0
DA:163,0
LF:62
LH:38
BRDA:17,0,0,1
BRDA:24,1,0,0
BRDA:30,2,0,0
BRDA:93,3,0,0
BRDA:133,4,0,0
BRDA:138,5,0,1
BRDA:142,6,0,1
BRDA:145,7,0,1
BRDA:148,8,0,1
BRDA:151,9,0,1
BRF:10
BRH:6
end_of_record
TN:
SF:src\controller\comments.ts
FN:7,(anonymous_8)
FN:7,(anonymous_9)
FN:17,(anonymous_10)
FN:17,(anonymous_11)
FN:32,(anonymous_12)
FN:32,(anonymous_13)
FN:49,(anonymous_14)
FN:49,(anonymous_15)
FN:85,(anonymous_16)
FN:85,(anonymous_17)
FN:111,(anonymous_18)
FN:111,(anonymous_19)
FNF:12
FNH:8
FNDA:2,(anonymous_8)
FNDA:2,(anonymous_9)
FNDA:1,(anonymous_10)
FNDA:1,(anonymous_11)
FNDA:0,(anonymous_12)
FNDA:0,(anonymous_13)
FNDA:1,(anonymous_14)
FNDA:1,(anonymous_15)
FNDA:2,(anonymous_16)
FNDA:2,(anonymous_17)
FNDA:0,(anonymous_18)
FNDA:0,(anonymous_19)
DA:1,1
DA:3,1
DA:4,1
DA:7,2
DA:8,2
DA:9,2
DA:10,2
DA:12,0
DA:17,1
DA:18,1
DA:19,1
DA:20,1
DA:22,1
DA:23,0
DA:25,1
DA:27,0
DA:32,1
DA:33,0
DA:34,0
DA:35,0
DA:37,0
DA:38,0
DA:40,0
DA:41,0
DA:45,0
DA:49,1
DA:50,1
DA:51,1
DA:52,1
DA:53,0
DA:57,1
DA:58,1
DA:60,1
DA:61,0
DA:72,1
DA:77,1
DA:78,1
DA:80,0
DA:85,2
DA:86,2
DA:87,2
DA:88,2
DA:90,1
DA:91,0
DA:96,1
DA:97,1
DA:100,1
DA:101,1
DA:103,1
DA:111,1
DA:112,0
DA:113,0
DA:114,0
DA:115,0
DA:119,0
LF:55
LH:35
BRDA:22,0,0,0
BRDA:37,1,0,0
BRDA:52,2,0,0
BRDA:60,3,0,0
BRDA:90,4,0,0
BRDA:96,5,0,1
BRF:6
BRH:1
end_of_record
TN:
SF:src\controller\like.ts
FN:5,(anonymous_8)
FN:5,(anonymous_9)
FN:14,(anonymous_10)
FN:14,(anonymous_11)
FN:36,(anonymous_12)
FN:36,(anonymous_13)
FN:55,(anonymous_14)
FN:55,(anonymous_15)
FNF:8
FNH:8
FNDA:2,(anonymous_8)
FNDA:2,(anonymous_9)
FNDA:1,(anonymous_10)
FNDA:1,(anonymous_11)
FNDA:1,(anonymous_12)
FNDA:1,(anonymous_13)
FNDA:1,(anonymous_14)
FNDA:1,(anonymous_15)
DA:1,1
DA:3,1
DA:5,2
DA:6,2
DA:7,2
DA:8,2
DA:10,0
DA:14,1
DA:15,1
DA:16,1
DA:17,1
DA:19,1
DA:20,0
DA:25,1
DA:29,1
DA:30,1
DA:32,0
DA:36,1
DA:37,1
DA:38,1
DA:39,1
DA:41,1
DA:42,1
DA:46,0
DA:47,0
DA:51,0
DA:55,1
DA:56,1
DA:57,1
DA:58,1
DA:59,1
DA:61,0
LF:32
LH:25
BRDA:19,0,0,0
BRDA:41,1,0,1
BRF:2
BRH:1
end_of_record
TN:
SF:src\jwt\authe.ts
FN:17,(anonymous_8)
FN:17,(anonymous_9)
FN:41,(anonymous_10)
FN:41,(anonymous_11)
FN:70,(anonymous_12)
FN:70,(anonymous_13)
FN:85,(anonymous_14)
FN:85,(anonymous_15)
FNF:8
FNH:6
FNDA:1,(anonymous_8)
FNDA:1,(anonymous_9)
FNDA:2,(anonymous_10)
FNDA:2,(anonymous_11)
FNDA:6,(anonymous_12)
FNDA:6,(anonymous_13)
FNDA:0,(anonymous_14)
FNDA:0,(anonymous_15)
DA:1,1
DA:2,1
DA:4,1
DA:6,1
DA:7,1
DA:9,1
DA:17,1
DA:18,1
DA:19,1
DA:21,1
DA:22,1
DA:23,0
DA:25,0
DA:27,0
DA:33,1
DA:41,2
DA:42,2
DA:43,2
DA:44,2
DA:46,2
DA:47,0
DA:50,2
DA:51,2
DA:52,2
DA:53,0
DA:56,2
DA:58,0
DA:64,1
DA:70,6
DA:71,6
DA:72,6
DA:74,0
DA:79,1
DA:85,0
DA:86,0
DA:87,0
DA:89,0
LF:37
LH:26
BRDA:21,0,0,1
BRDA:46,1,0,0
BRDA:52,2,0,0
BRF:3
BRH:1
end_of_record
TN:
SF:src\middleware\admin.ts
FN:5,(anonymous_8)
FN:9,(anonymous_9)
FNF:2
FNH:2
FNDA:3,(anonymous_8)
FNDA:3,(anonymous_9)
DA:2,1
DA:5,1
DA:9,3
DA:10,3
DA:12,3
DA:13,3
DA:14,3
DA:15,3
DA:16,3
DA:18,0
DA:24,0
LF:11
LH:9
BRDA:13,0,0,3
BRDA:15,1,0,3
BRDA:15,1,1,0
BRDA:15,2,0,3
BRDA:15,2,1,3
BRF:5
BRH:4
end_of_record
TN:
SF:src\middleware\middle.ts
FN:7,(anonymous_8)
FN:11,(anonymous_9)
FN:25,(anonymous_10)
FN:29,(anonymous_11)
FN:47,(anonymous_12)
FN:51,(anonymous_13)
FNF:6
FNH:4
FNDA:2,(anonymous_8)
FNDA:2,(anonymous_9)
FNDA:0,(anonymous_10)
FNDA:0,(anonymous_11)
FNDA:1,(anonymous_12)
FNDA:1,(anonymous_13)
DA:2,1
DA:3,1
DA:7,1
DA:11,2
DA:12,2
DA:13,2
DA:15,2
DA:16,2
DA:17,0
DA:19,2
DA:22,0
DA:25,1
DA:29,0
DA:30,0
DA:31,0
DA:32,0
DA:33,0
DA:34,0
DA:35,0
DA:36,0
DA:38,0
DA:43,0
DA:47,1
DA:51,1
DA:52,1
DA:53,1
DA:55,1
DA:56,0
DA:60,1
DA:63,0
LF:30
LH:16
BRDA:16,0,0,0
BRDA:16,0,1,2
BRDA:35,1,0,0
BRDA:35,1,1,0
BRDA:55,2,0,0
BRDA:55,2,1,1
BRF:6
BRH:2
end_of_record
TN:
SF:src\models\Querys.ts
FNF:0
FNH:0
DA:1,1
DA:9,1
DA:15,1
DA:16,1
LF:4
LH:4
BRF:0
BRH:0
end_of_record
TN:
SF:src\models\blog.ts
FNF:0
FNH:0
DA:1,1
DA:14,1
DA:26,1
DA:27,1
LF:4
LH:4
BRF:0
BRH:0
end_of_record
TN:
SF:src\models\comment.ts
FNF:0
FNH:0
DA:2,1
DA:10,1
DA:16,1
DA:17,1
LF:4
LH:4
BRF:0
BRH:0
end_of_record
TN:
SF:src\models\likes.ts
FNF:0
FNH:0
DA:2,1
DA:9,1
DA:14,1
DA:15,1
LF:4
LH:4
BRF:0
BRH:0
end_of_record
TN:
SF:src\models\router.ts
FNF:0
FNH:0
DA:1,1
DA:3,1
DA:9,1
DA:16,1
DA:24,1
DA:25,1
DA:26,1
DA:32,1
DA:37,1
DA:38,1
DA:46,1
DA:58,1
DA:73,1
DA:74,1
DA:75,1
DA:76,1
DA:77,1
DA:78,1
DA:82,1
DA:86,1
DA:96,1
DA:97,1
DA:98,1
DA:99,1
DA:102,1
DA:105,1
DA:108,1
DA:111,1
LF:28
LH:28
BRF:0
BRH:0
end_of_record
TN:
SF:src\models\users.ts
FNF:0
FNH:0
DA:1,1
DA:12,1
DA:28,1
DA:44,1
LF:4
LH:4
BRF:0
BRH:0
end_of_record
TN:
SF:src\validation\validation.ts
FN:6,(anonymous_1)
FN:20,(anonymous_2)
FN:31,(anonymous_3)
FNF:3
FNH:3
FNDA:1,(anonymous_1)
FNDA:1,(anonymous_2)
FNDA:1,(anonymous_3)
DA:1,1
DA:6,1
DA:7,1
DA:16,1
DA:20,1
DA:23,1
DA:28,1
DA:31,1
DA:32,1
DA:36,1
LF:10
LH:10
BRF:0
BRH:0
end_of_record
